<?xml version="1.0" encoding="UTF-8"?>
<!-- Generated by org.testng.reporters.JUnitXMLReporter -->
<testsuite ignored="0" hostname="DESKTOP-PHRKUKK" failures="0" tests="3" name="Default test" time="10.06" errors="0" timestamp="2022-01-19T21:40:51 EST">
  <testcase classname="com.solvd.university.test.TestNG" name="testOne" time="0.008"/>
  <testcase classname="com.solvd.university.test.TestNG" name="testThree" time="0.002"/>
  <testcase classname="com.solvd.university.test.TestNG" name="testTwo" time="0.003"/>
</testsuite> <!-- Default test -->
