<?xml version="1.0" encoding="UTF-8"?>
<testng-results ignored="0" total="3" passed="3" failed="0" skipped="0">
  <reporter-output>
  </reporter-output>
  <suite started-at="2022-01-19T21:40:41 EST" name="Default suite" finished-at="2022-01-19T21:40:51 EST" duration-ms="10060">
    <groups>
      <group name="testThree">
        <method signature="TestNG.testThree()[pri:0, instance:com.solvd.university.test.TestNG@e19bb76]" name="testThree" class="com.solvd.university.test.TestNG"/>
      </group> <!-- testThree -->
      <group name="functest">
        <method signature="TestNG.testThree()[pri:0, instance:com.solvd.university.test.TestNG@e19bb76]" name="testThree" class="com.solvd.university.test.TestNG"/>
        <method signature="TestNG.testTwo()[pri:0, instance:com.solvd.university.test.TestNG@e19bb76]" name="testTwo" class="com.solvd.university.test.TestNG"/>
      </group> <!-- functest -->
      <group name="testTwo">
        <method signature="TestNG.testTwo()[pri:0, instance:com.solvd.university.test.TestNG@e19bb76]" name="testTwo" class="com.solvd.university.test.TestNG"/>
      </group> <!-- testTwo -->
    </groups>
    <test started-at="2022-01-19T21:40:41 EST" name="Default test" finished-at="2022-01-19T21:40:51 EST" duration-ms="10060">
      <class name="com.solvd.university.test.TestNG">
        <test-method is-config="true" signature="beforeSuit()[pri:0, instance:com.solvd.university.test.TestNG@e19bb76]" started-at="2022-01-19T21:40:41 EST" name="beforeSuit" finished-at="2022-01-19T21:40:41 EST" duration-ms="15" status="PASS">
          <reporter-output>
          </reporter-output>
        </test-method> <!-- beforeSuit -->
        <test-method is-config="true" signature="beforeTest()[pri:0, instance:com.solvd.university.test.TestNG@e19bb76]" started-at="2022-01-19T21:40:41 EST" name="beforeTest" finished-at="2022-01-19T21:40:41 EST" duration-ms="0" status="PASS">
          <reporter-output>
          </reporter-output>
        </test-method> <!-- beforeTest -->
        <test-method is-config="true" signature="beforeClass()[pri:0, instance:com.solvd.university.test.TestNG@e19bb76]" started-at="2022-01-19T21:40:41 EST" name="beforeClass" finished-at="2022-01-19T21:40:41 EST" duration-ms="0" status="PASS">
          <reporter-output>
          </reporter-output>
        </test-method> <!-- beforeClass -->
        <test-method is-config="true" signature="beforeMethod()[pri:0, instance:com.solvd.university.test.TestNG@e19bb76]" started-at="2022-01-19T21:40:51 EST" name="beforeMethod" finished-at="2022-01-19T21:40:51 EST" duration-ms="1" status="PASS">
          <reporter-output>
          </reporter-output>
        </test-method> <!-- beforeMethod -->
        <test-method signature="testOne(long,java.lang.String,java.lang.String,java.lang.String,java.lang.String,java.sql.Date,java.lang.String,java.lang.String,java.lang.String,long,long)[pri:0, instance:com.solvd.university.test.TestNG@e19bb76]" started-at="2022-01-19T21:40:51 EST" name="testOne" data-provider="getData" finished-at="2022-01-19T21:40:51 EST" duration-ms="8" status="PASS">
          <params>
            <param index="0">
              <value>
                <![CDATA[1]]>
              </value>
            </param>
            <param index="1">
              <value>
                <![CDATA[Bob.SMith@Company.com]]>
              </value>
            </param>
            <param index="2">
              <value>
                <![CDATA[Bob]]>
              </value>
            </param>
            <param index="3">
              <value>
                <![CDATA[Michael]]>
              </value>
            </param>
            <param index="4">
              <value>
                <![CDATA[Smith]]>
              </value>
            </param>
            <param index="5">
              <value>
                <![CDATA[1970-08-19]]>
              </value>
            </param>
            <param index="6">
              <value>
                <![CDATA[444-444-4444]]>
              </value>
            </param>
            <param index="7">
              <value>
                <![CDATA[333-333-3333]]>
              </value>
            </param>
            <param index="8">
              <value>
                <![CDATA[222-222-2222]]>
              </value>
            </param>
            <param index="9">
              <value>
                <![CDATA[1]]>
              </value>
            </param>
            <param index="10">
              <value>
                <![CDATA[1]]>
              </value>
            </param>
          </params>
          <reporter-output>
          </reporter-output>
        </test-method> <!-- testOne -->
        <test-method is-config="true" signature="afterMethod()[pri:0, instance:com.solvd.university.test.TestNG@e19bb76]" started-at="2022-01-19T21:40:51 EST" name="afterMethod" finished-at="2022-01-19T21:40:51 EST" duration-ms="0" status="PASS">
          <reporter-output>
          </reporter-output>
        </test-method> <!-- afterMethod -->
        <test-method is-config="true" signature="beforeMethod()[pri:0, instance:com.solvd.university.test.TestNG@e19bb76]" started-at="2022-01-19T21:40:51 EST" name="beforeMethod" finished-at="2022-01-19T21:40:51 EST" duration-ms="1" status="PASS">
          <reporter-output>
          </reporter-output>
        </test-method> <!-- beforeMethod -->
        <test-method signature="testThree()[pri:0, instance:com.solvd.university.test.TestNG@e19bb76]" started-at="2022-01-19T21:40:51 EST" name="testThree" finished-at="2022-01-19T21:40:51 EST" duration-ms="2" status="PASS">
          <reporter-output>
          </reporter-output>
        </test-method> <!-- testThree -->
        <test-method is-config="true" signature="afterMethod()[pri:0, instance:com.solvd.university.test.TestNG@e19bb76]" started-at="2022-01-19T21:40:51 EST" name="afterMethod" finished-at="2022-01-19T21:40:51 EST" duration-ms="0" status="PASS">
          <reporter-output>
          </reporter-output>
        </test-method> <!-- afterMethod -->
        <test-method is-config="true" signature="beforeMethod()[pri:0, instance:com.solvd.university.test.TestNG@e19bb76]" started-at="2022-01-19T21:40:51 EST" name="beforeMethod" finished-at="2022-01-19T21:40:51 EST" duration-ms="1" status="PASS">
          <reporter-output>
          </reporter-output>
        </test-method> <!-- beforeMethod -->
        <test-method signature="testTwo()[pri:0, instance:com.solvd.university.test.TestNG@e19bb76]" started-at="2022-01-19T21:40:51 EST" name="testTwo" finished-at="2022-01-19T21:40:51 EST" duration-ms="3" status="PASS">
          <reporter-output>
          </reporter-output>
        </test-method> <!-- testTwo -->
        <test-method is-config="true" signature="afterMethod()[pri:0, instance:com.solvd.university.test.TestNG@e19bb76]" started-at="2022-01-19T21:40:51 EST" name="afterMethod" finished-at="2022-01-19T21:40:51 EST" duration-ms="1" status="PASS">
          <reporter-output>
          </reporter-output>
        </test-method> <!-- afterMethod -->
        <test-method is-config="true" signature="afterClass()[pri:0, instance:com.solvd.university.test.TestNG@e19bb76]" started-at="2022-01-19T21:40:51 EST" name="afterClass" finished-at="2022-01-19T21:40:51 EST" duration-ms="3" status="PASS">
          <reporter-output>
          </reporter-output>
        </test-method> <!-- afterClass -->
        <test-method is-config="true" signature="afterTest()[pri:0, instance:com.solvd.university.test.TestNG@e19bb76]" started-at="2022-01-19T21:40:51 EST" name="afterTest" finished-at="2022-01-19T21:40:51 EST" duration-ms="1" status="PASS">
          <reporter-output>
          </reporter-output>
        </test-method> <!-- afterTest -->
        <test-method is-config="true" signature="afterSuite()[pri:0, instance:com.solvd.university.test.TestNG@e19bb76]" started-at="2022-01-19T21:40:51 EST" name="afterSuite" finished-at="2022-01-19T21:40:51 EST" duration-ms="1" status="PASS">
          <reporter-output>
          </reporter-output>
        </test-method> <!-- afterSuite -->
      </class> <!-- com.solvd.university.test.TestNG -->
    </test> <!-- Default test -->
  </suite> <!-- Default suite -->
</testng-results>
