<?xml version="1.0" encoding="UTF-8"?>
<!-- Generated by org.testng.reporters.JUnitXMLReporter -->
<testsuite ignored="0" hostname="DESKTOP-PHRKUKK" failures="0" tests="3" name="testNGTest" time="11.068" errors="0" timestamp="2022-01-19T21:40:15 EST">
  <testcase classname="com.solvd.university.test.TestNG" name="testOne" time="0.011"/>
  <testcase classname="com.solvd.university.test.TestNG" name="testThree" time="0.003"/>
  <testcase classname="com.solvd.university.test.TestNG" name="testTwo" time="0.003"/>
</testsuite> <!-- testNGTest -->
